<?xml version="1.0" encoding="UTF-8"?>
<testng-results total="1" passed="1" failed="0" skipped="0">
  <reporter-output>
  </reporter-output>
  <suite started-at="2021-03-28T23:01:39Z" name="Default suite" finished-at="2021-03-28T23:02:11Z" duration-ms="31394">
    <groups>
    </groups>
    <test started-at="2021-03-28T23:01:39Z" name="Default test" finished-at="2021-03-28T23:02:11Z" duration-ms="31394">
      <class name="NewTest">
        <test-method is-config="true" signature="setUp()[pri:0, instance:NewTest@3c87521]" started-at="2021-03-29T01:01:39Z" name="setUp" finished-at="2021-03-29T01:02:05Z" duration-ms="26301" status="PASS">
          <reporter-output>
          </reporter-output>
        </test-method> <!-- setUp -->
        <test-method signature="test()[pri:0, instance:NewTest@3c87521]" started-at="2021-03-29T01:02:05Z" name="test" finished-at="2021-03-29T01:02:10Z" duration-ms="4452" status="PASS">
          <reporter-output>
          </reporter-output>
        </test-method> <!-- test -->
        <test-method is-config="true" signature="tearDown()[pri:0, instance:NewTest@3c87521]" started-at="2021-03-29T01:02:10Z" name="tearDown" finished-at="2021-03-29T01:02:11Z" duration-ms="628" status="PASS">
          <reporter-output>
          </reporter-output>
        </test-method> <!-- tearDown -->
      </class> <!-- NewTest -->
    </test> <!-- Default test -->
  </suite> <!-- Default suite -->
</testng-results>
